h = 3, J = 301, J_cv = 158
Tuning Parameter Chosen for lasso: 0.4
Percent of Slope Coefficients Set Equal to Zero by lasso: 99.12
RMSE from lasso Including all Variables, h = 3: 
RMSE = 1.6684862792764643
RMSE_cv is [2.62905 0.1; 2.21154 0.2; 2.15274 0.3; 2.15162 0.4; 2.19272 0.5; 2.25676 0.6; 2.32997 0.7; 2.42564 0.8; 2.53474 0.9; 2.63821 1.0; 2.74253 1.1; 2.86057 1.2; 2.98903 1.3; 3.11328 1.4; 3.22676 1.5; 3.32815 1.6; 3.42449 1.7; 3.51884 1.8; 3.61006 1.9; 3.70005 2.0; 3.78895 2.1; 3.87344 2.2; 3.94998 2.3; 4.01421 2.4; 4.05429 2.5; 4.08059 2.6; 4.0966 2.7; 4.10545 2.8; 4.10616 2.9; 4.10616 3.0; 4.10616 3.1; 4.10616 3.2; 4.10616 3.3; 4.10616 3.4; 4.10616 3.5; 4.10616 3.6; 4.10616 3.7; 4.10616 3.8; 4.10616 3.9; 4.10616 4.0; 4.10616 4.1; 4.10616 4.2; 4.10616 4.3; 4.10616 4.4; 4.10616 4.5; 4.10616 4.6; 4.10616 4.7; 4.10616 4.8; 4.10616 4.9; 4.10616 5.0]
h = 3, J = 373, J_cv = 194
Tuning Parameter Chosen for lasso: 0.3
Percent of Slope Coefficients Set Equal to Zero by lasso: 98.81
RMSE from lasso Including all Variables, h = 3: 
RMSE = 1.708663968826237
RMSE_cv is [1.79986 0.1; 1.74114 0.2; 1.72692 0.3; 1.73614 0.4; 1.76804 0.5; 1.7936 0.6; 1.81538 0.7; 1.83962 0.8; 1.87115 0.9; 1.91019 1.0; 1.95237 1.1; 2.00176 1.2; 2.0584 1.3; 2.11903 1.4; 2.18059 1.5; 2.2461 1.6; 2.31666 1.7; 2.39098 1.8; 2.46694 1.9; 2.54608 2.0; 2.62815 2.1; 2.71195 2.2; 2.79594 2.3; 2.8712 2.4; 2.92277 2.5; 2.9583 2.6; 2.97655 2.7; 2.98627 2.8; 2.98706 2.9; 2.98706 3.0; 2.98706 3.1; 2.98706 3.2; 2.98706 3.3; 2.98706 3.4; 2.98706 3.5; 2.98706 3.6; 2.98706 3.7; 2.98706 3.8; 2.98706 3.9; 2.98706 4.0; 2.98706 4.1; 2.98706 4.2; 2.98706 4.3; 2.98706 4.4; 2.98706 4.5; 2.98706 4.6; 2.98706 4.7; 2.98706 4.8; 2.98706 4.9; 2.98706 5.0]
h = 3, J = 493, J_cv = 254
Tuning Parameter Chosen for lasso: 0.2
Percent of Slope Coefficients Set Equal to Zero by lasso: 98.62
RMSE from lasso Including all Variables, h = 3: 
RMSE = 1.9361186261597423
RMSE_cv is [1.43524 0.1; 1.32698 0.2; 1.33735 0.3; 1.35394 0.4; 1.37781 0.5; 1.398 0.6; 1.41825 0.7; 1.44388 0.8; 1.47396 0.9; 1.50783 1.0; 1.5487 1.1; 1.59575 1.2; 1.64717 1.3; 1.70246 1.4; 1.76065 1.5; 1.82236 1.6; 1.88984 1.7; 1.95964 1.8; 2.02996 1.9; 2.10225 2.0; 2.17627 2.1; 2.25161 2.2; 2.32665 2.3; 2.37552 2.4; 2.40719 2.5; 2.43686 2.6; 2.45345 2.7; 2.46228 2.8; 2.46299 2.9; 2.46299 3.0; 2.46299 3.1; 2.46299 3.2; 2.46299 3.3; 2.46299 3.4; 2.46299 3.5; 2.46299 3.6; 2.46299 3.7; 2.46299 3.8; 2.46299 3.9; 2.46299 4.0; 2.46299 4.1; 2.46299 4.2; 2.46299 4.3; 2.46299 4.4; 2.46299 4.5; 2.46299 4.6; 2.46299 4.7; 2.46299 4.8; 2.46299 4.9; 2.46299 5.0]
h = 6, J = 301, J_cv = 160
Tuning Parameter Chosen for lasso: 0.8
Percent of Slope Coefficients Set Equal to Zero by lasso: 99.69
RMSE from lasso Including all Variables, h = 6: 
RMSE = 1.4500527035632396
RMSE_cv is [3.14947 0.1; 3.38296 0.2; 3.3169 0.3; 3.17198 0.4; 2.99077 0.5; 2.84333 0.6; 2.70291 0.7; 2.62882 0.8; 2.65571 0.9; 2.7318 1.0; 2.833 1.1; 2.95166 1.2; 3.0666 1.3; 3.17584 1.4; 3.28313 1.5; 3.38358 1.6; 3.48043 1.7; 3.57319 1.8; 3.65922 1.9; 3.74192 2.0; 3.82265 2.1; 3.89972 2.2; 3.97223 2.3; 4.02152 2.4; 4.05609 2.5; 4.07599 2.6; 4.09012 2.7; 4.09343 2.8; 4.09346 2.9; 4.09346 3.0; 4.09346 3.1; 4.09346 3.2; 4.09346 3.3; 4.09346 3.4; 4.09346 3.5; 4.09346 3.6; 4.09346 3.7; 4.09346 3.8; 4.09346 3.9; 4.09346 4.0; 4.09346 4.1; 4.09346 4.2; 4.09346 4.3; 4.09346 4.4; 4.09346 4.5; 4.09346 4.6; 4.09346 4.7; 4.09346 4.8; 4.09346 4.9; 4.09346 5.0]
h = 6, J = 373, J_cv = 196
Tuning Parameter Chosen for lasso: 0.9
Percent of Slope Coefficients Set Equal to Zero by lasso: 99.69
RMSE from lasso Including all Variables, h = 6: 
RMSE = 1.5581394348491828
RMSE_cv is [1.95866 0.1; 1.91828 0.2; 1.95643 0.3; 1.9377 0.4; 1.87763 0.5; 1.8378 0.6; 1.77246 0.7; 1.71832 0.8; 1.70854 0.9; 1.72999 1.0; 1.76886 1.1; 1.81803 1.2; 1.87671 1.3; 1.94594 1.4; 2.02212 1.5; 2.10224 1.6; 2.18896 1.7; 2.27763 1.8; 2.36448 1.9; 2.45278 2.0; 2.54418 2.1; 2.6375 2.2; 2.73123 2.3; 2.80112 2.4; 2.85158 2.5; 2.87918 2.6; 2.89544 2.7; 2.89917 2.8; 2.89919 2.9; 2.89919 3.0; 2.89919 3.1; 2.89919 3.2; 2.89919 3.3; 2.89919 3.4; 2.89919 3.5; 2.89919 3.6; 2.89919 3.7; 2.89919 3.8; 2.89919 3.9; 2.89919 4.0; 2.89919 4.1; 2.89919 4.2; 2.89919 4.3; 2.89919 4.4; 2.89919 4.5; 2.89919 4.6; 2.89919 4.7; 2.89919 4.8; 2.89919 4.9; 2.89919 5.0]
h = 6, J = 493, J_cv = 256
Tuning Parameter Chosen for lasso: 0.3
Percent of Slope Coefficients Set Equal to Zero by lasso: 99.06
RMSE from lasso Including all Variables, h = 6: 
RMSE = 1.5356142920737368
RMSE_cv is [1.32991 0.1; 1.15863 0.2; 1.14933 0.3; 1.16275 0.4; 1.18096 0.5; 1.20482 0.6; 1.22418 0.7; 1.24465 0.8; 1.27233 0.9; 1.30989 1.0; 1.35333 1.1; 1.40071 1.2; 1.45259 1.3; 1.50832 1.4; 1.56833 1.5; 1.63265 1.6; 1.70112 1.7; 1.77678 1.8; 1.85685 1.9; 1.93944 2.0; 2.02425 2.1; 2.11078 2.2; 2.19869 2.3; 2.2457 2.4; 2.28471 2.5; 2.31021 2.6; 2.32534 2.7; 2.32881 2.8; 2.32883 2.9; 2.32883 3.0; 2.32883 3.1; 2.32883 3.2; 2.32883 3.3; 2.32883 3.4; 2.32883 3.5; 2.32883 3.6; 2.32883 3.7; 2.32883 3.8; 2.32883 3.9; 2.32883 4.0; 2.32883 4.1; 2.32883 4.2; 2.32883 4.3; 2.32883 4.4; 2.32883 4.5; 2.32883 4.6; 2.32883 4.7; 2.32883 4.8; 2.32883 4.9; 2.32883 5.0]
h = 12, J = 301, J_cv = 163
Tuning Parameter Chosen for lasso: 1.4
Percent of Slope Coefficients Set Equal to Zero by lasso: 99.87
RMSE from lasso Including all Variables, h = 12: 
RMSE = 1.6040252813401452
RMSE_cv is [8.05822 0.1; 7.03269 0.2; 6.51199 0.3; 5.74819 0.4; 5.04703 0.5; 4.47947 0.6; 4.07245 0.7; 3.86364 0.8; 3.73808 0.9; 3.659 1.0; 3.64129 1.1; 3.60924 1.2; 3.58022 1.3; 3.56686 1.4; 3.5829 1.5; 3.63012 1.6; 3.69675 1.7; 3.77472 1.8; 3.86135 1.9; 3.95162 2.0; 4.04627 2.1; 4.13101 2.2; 4.17011 2.3; 4.19076 2.4; 4.20453 2.5; 4.21565 2.6; 4.22075 2.7; 4.22122 2.8; 4.22122 2.9; 4.22122 3.0; 4.22122 3.1; 4.22122 3.2; 4.22122 3.3; 4.22122 3.4; 4.22122 3.5; 4.22122 3.6; 4.22122 3.7; 4.22122 3.8; 4.22122 3.9; 4.22122 4.0; 4.22122 4.1; 4.22122 4.2; 4.22122 4.3; 4.22122 4.4; 4.22122 4.5; 4.22122 4.6; 4.22122 4.7; 4.22122 4.8; 4.22122 4.9; 4.22122 5.0]
h = 12, J = 373, J_cv = 199
Tuning Parameter Chosen for lasso: 1.5
Percent of Slope Coefficients Set Equal to Zero by lasso: 99.87
RMSE from lasso Including all Variables, h = 12: 
RMSE = 1.7582147877429826
RMSE_cv is [5.44248 0.1; 4.56776 0.2; 4.71291 0.3; 4.39442 0.4; 3.84651 0.5; 3.35194 0.6; 2.92888 0.7; 2.67584 0.8; 2.50468 0.9; 2.38357 1.0; 2.33458 1.1; 2.26445 1.2; 2.19944 1.3; 2.15156 1.4; 2.14589 1.5; 2.18943 1.6; 2.27417 1.7; 2.38293 1.8; 2.50032 1.9; 2.62061 2.0; 2.74459 2.1; 2.85713 2.2; 2.91742 2.3; 2.95736 2.4; 2.97954 2.5; 2.99259 2.6; 2.99829 2.7; 2.99881 2.8; 2.99881 2.9; 2.99881 3.0; 2.99881 3.1; 2.99881 3.2; 2.99881 3.3; 2.99881 3.4; 2.99881 3.5; 2.99881 3.6; 2.99881 3.7; 2.99881 3.8; 2.99881 3.9; 2.99881 4.0; 2.99881 4.1; 2.99881 4.2; 2.99881 4.3; 2.99881 4.4; 2.99881 4.5; 2.99881 4.6; 2.99881 4.7; 2.99881 4.8; 2.99881 4.9; 2.99881 5.0]
h = 12, J = 493, J_cv = 259
Tuning Parameter Chosen for lasso: 0.3
Percent of Slope Coefficients Set Equal to Zero by lasso: 99.06
RMSE from lasso Including all Variables, h = 12: 
RMSE = 1.241220303546745
RMSE_cv is [2.49597 0.1; 1.49618 0.2; 1.34679 0.3; 1.36078 0.4; 1.38786 0.5; 1.41234 0.6; 1.42803 0.7; 1.44776 0.8; 1.46898 0.9; 1.48311 1.0; 1.50983 1.1; 1.54683 1.2; 1.59242 1.3; 1.64524 1.4; 1.70412 1.5; 1.76885 1.6; 1.83798 1.7; 1.91099 1.8; 1.98785 1.9; 2.06917 2.0; 2.15723 2.1; 2.25019 2.2; 2.29607 2.3; 2.33072 2.4; 2.35163 2.5; 2.36393 2.6; 2.36929 2.7; 2.36978 2.8; 2.36978 2.9; 2.36978 3.0; 2.36978 3.1; 2.36978 3.2; 2.36978 3.3; 2.36978 3.4; 2.36978 3.5; 2.36978 3.6; 2.36978 3.7; 2.36978 3.8; 2.36978 3.9; 2.36978 4.0; 2.36978 4.1; 2.36978 4.2; 2.36978 4.3; 2.36978 4.4; 2.36978 4.5; 2.36978 4.6; 2.36978 4.7; 2.36978 4.8; 2.36978 4.9; 2.36978 5.0]
