h = 3, J = 301, J_cv = 158
Prior parameter θ chosen for BMA: 0.22
RMSE from Bayesian Model Averaging, h = 3: 
RMSE = 1.7525489223562927
RMSE_cv is [2.18388 0.05; 2.28134 0.06; 2.31322 0.07; 2.29175 0.08; 2.54873 0.09; 2.18346 0.1; 2.28128 0.11; 2.23099 0.12; 2.35681 0.13; 2.21366 0.14; 2.31882 0.15; 2.20215 0.16; 2.25658 0.17; 2.18116 0.18; 2.2155 0.19; 2.08749 0.2; 2.31374 0.21; 2.07283 0.22; 2.31708 0.23; 2.34254 0.24; 2.1618 0.25; 2.27156 0.26; 2.49982 0.27; 2.40713 0.28; 2.2257 0.29; 2.23313 0.3; 2.31406 0.31; 2.28492 0.32; 2.28736 0.33; 2.26139 0.34; 2.43569 0.35; 2.35915 0.36; 2.33289 0.37; 2.29667 0.38; 2.49507 0.39; 2.42187 0.4; 2.59398 0.41; 2.48315 0.42; 2.59518 0.43; 2.80311 0.44; 2.64962 0.45; 2.71145 0.46; 2.70496 0.47; 2.545 0.48; 2.74612 0.49; 2.6137 0.5; 2.60473 0.51; 2.50596 0.52; 2.37598 0.53; 2.31342 0.54; 2.30335 0.55; 2.2797 0.56; 2.1975 0.57; 2.23434 0.58; 2.21613 0.59; 2.16427 0.6; 2.19126 0.61; 2.16641 0.62; 2.14212 0.63; 2.18386 0.64; 2.17961 0.65; 2.20328 0.66; 2.16987 0.67; 2.15892 0.68; 2.20194 0.69; 2.18813 0.7; 2.2261 0.71; 2.19194 0.72; 2.17251 0.73; 2.16402 0.74; 2.17001 0.75; 2.19457 0.76; 2.19222 0.77; 2.18539 0.78; 2.1959 0.79; 2.16955 0.8; 2.20792 0.81; 2.20073 0.82; 2.18964 0.83; 2.21909 0.84; 2.20289 0.85; 2.23161 0.86; 2.19743 0.87; 2.16274 0.88; 2.15162 0.89; 2.17628 0.9; 2.21001 0.91; 2.19108 0.92; 2.1642 0.93; 2.18281 0.94; 2.19061 0.95; 2.21112 0.96; 2.1493 0.97; 2.17734 0.98; 2.20692 0.99]
h = 3, J = 373, J_cv = 194
Prior parameter θ chosen for BMA: 0.83
RMSE from Bayesian Model Averaging, h = 3: 
RMSE = 1.7781531313724346
RMSE_cv is [1.83903 0.05; 2.06068 0.06; 1.98733 0.07; 1.96126 0.08; 1.84825 0.09; 1.92196 0.1; 1.84836 0.11; 1.93973 0.12; 1.91874 0.13; 1.92314 0.14; 1.96429 0.15; 1.86954 0.16; 1.94249 0.17; 1.84367 0.18; 1.97237 0.19; 1.90714 0.2; 1.88934 0.21; 1.98662 0.22; 1.95189 0.23; 1.8807 0.24; 2.07772 0.25; 1.99965 0.26; 1.88554 0.27; 1.8642 0.28; 2.02588 0.29; 1.92606 0.3; 1.96275 0.31; 1.91619 0.32; 2.09119 0.33; 2.08345 0.34; 1.95297 0.35; 2.08523 0.36; 1.9876 0.37; 2.00911 0.38; 2.02433 0.39; 2.12978 0.4; 2.15351 0.41; 2.09947 0.42; 2.01579 0.43; 2.11455 0.44; 2.04979 0.45; 2.13238 0.46; 2.19249 0.47; 2.23677 0.48; 2.22093 0.49; 2.20521 0.5; 2.21356 0.51; 2.092 0.52; 1.98446 0.53; 1.94787 0.54; 1.89323 0.55; 1.88018 0.56; 1.87414 0.57; 1.87028 0.58; 1.89985 0.59; 1.82654 0.6; 1.83128 0.61; 1.85797 0.62; 1.84321 0.63; 1.84567 0.64; 1.83182 0.65; 1.87084 0.66; 1.871 0.67; 1.84602 0.68; 1.85161 0.69; 1.84458 0.7; 1.84048 0.71; 1.89702 0.72; 1.83265 0.73; 1.83514 0.74; 1.85268 0.75; 1.87377 0.76; 1.84534 0.77; 1.87849 0.78; 1.8372 0.79; 1.85577 0.8; 1.83823 0.81; 1.86189 0.82; 1.81357 0.83; 1.85075 0.84; 1.8795 0.85; 1.88851 0.86; 1.89245 0.87; 1.86053 0.88; 1.87838 0.89; 1.85232 0.9; 1.86796 0.91; 1.8657 0.92; 1.87084 0.93; 1.84851 0.94; 1.87508 0.95; 1.87433 0.96; 1.84307 0.97; 1.89522 0.98; 1.89014 0.99]
h = 3, J = 493, J_cv = 254
Prior parameter θ chosen for BMA: 0.07
RMSE from Bayesian Model Averaging, h = 3: 
RMSE = 2.011489966173414
RMSE_cv is [1.45875 0.05; 1.47334 0.06; 1.41018 0.07; 1.43964 0.08; 1.48385 0.09; 1.43397 0.1; 1.44913 0.11; 1.5569 0.12; 1.49645 0.13; 1.46615 0.14; 1.58956 0.15; 1.56021 0.16; 1.56758 0.17; 1.53391 0.18; 1.58023 0.19; 1.58826 0.2; 1.54581 0.21; 1.49938 0.22; 1.68681 0.23; 1.5871 0.24; 1.60613 0.25; 1.51899 0.26; 1.56619 0.27; 1.58959 0.28; 1.66883 0.29; 1.58496 0.3; 1.52931 0.31; 1.61702 0.32; 1.59953 0.33; 1.66947 0.34; 1.66507 0.35; 1.66058 0.36; 1.59765 0.37; 1.68526 0.38; 1.61978 0.39; 1.61385 0.4; 1.70058 0.41; 1.71252 0.42; 1.7243 0.43; 1.77815 0.44; 1.78253 0.45; 1.77888 0.46; 1.75881 0.47; 1.78724 0.48; 1.84173 0.49; 1.82615 0.5; 1.833 0.51; 1.69672 0.52; 1.7599 0.53; 1.91234 0.54; 1.8615 0.55; 1.84347 0.56; 1.75443 0.57; 1.67225 0.58; 1.72338 0.59; 1.72141 0.6; 1.83104 0.61; 1.68811 0.62; 1.74841 0.63; 1.74737 0.64; 1.63202 0.65; 1.65916 0.66; 1.56137 0.67; 1.70293 0.68; 1.60628 0.69; 1.58385 0.7; 1.60345 0.71; 1.61151 0.72; 1.59703 0.73; 1.5879 0.74; 1.54335 0.75; 1.581 0.76; 1.58242 0.77; 1.63669 0.78; 1.55007 0.79; 1.56607 0.8; 1.53195 0.81; 1.57467 0.82; 1.57783 0.83; 1.55736 0.84; 1.61133 0.85; 1.67993 0.86; 1.56346 0.87; 1.55066 0.88; 1.55536 0.89; 1.56563 0.9; 1.54209 0.91; 1.57949 0.92; 1.53813 0.93; 1.53944 0.94; 1.59623 0.95; 1.54238 0.96; 1.55194 0.97; 1.53222 0.98; 1.56067 0.99]
h = 6, J = 301, J_cv = 160
Prior parameter θ chosen for BMA: 0.78
RMSE from Bayesian Model Averaging, h = 6: 
RMSE = 1.5693076316832406
RMSE_cv is [2.78935 0.05; 2.57774 0.06; 2.53702 0.07; 2.98665 0.08; 2.7356 0.09; 2.8414 0.1; 2.62557 0.11; 2.65039 0.12; 2.79033 0.13; 2.68597 0.14; 2.81305 0.15; 2.69468 0.16; 2.51057 0.17; 2.57953 0.18; 2.61996 0.19; 2.84105 0.2; 2.56349 0.21; 2.35999 0.22; 2.72557 0.23; 2.73507 0.24; 2.57019 0.25; 2.65011 0.26; 2.83153 0.27; 2.50092 0.28; 2.859 0.29; 2.45716 0.3; 2.56073 0.31; 2.90185 0.32; 2.58466 0.33; 2.78219 0.34; 2.73318 0.35; 2.80257 0.36; 2.69429 0.37; 2.52368 0.38; 2.93583 0.39; 2.73984 0.4; 2.75387 0.41; 2.73331 0.42; 2.70736 0.43; 2.66958 0.44; 2.86825 0.45; 2.76669 0.46; 2.73014 0.47; 2.91676 0.48; 2.81692 0.49; 2.85733 0.5; 2.78527 0.51; 2.74831 0.52; 2.53678 0.53; 2.50972 0.54; 2.446 0.55; 2.43425 0.56; 2.37017 0.57; 2.39968 0.58; 2.31284 0.59; 2.32431 0.6; 2.35409 0.61; 2.32721 0.62; 2.32996 0.63; 2.34381 0.64; 2.28523 0.65; 2.28679 0.66; 2.29429 0.67; 2.33593 0.68; 2.3392 0.69; 2.33158 0.7; 2.32054 0.71; 2.31454 0.72; 2.35565 0.73; 2.37206 0.74; 2.31198 0.75; 2.29375 0.76; 2.34821 0.77; 2.2707 0.78; 2.33076 0.79; 2.32417 0.8; 2.3541 0.81; 2.37397 0.82; 2.33625 0.83; 2.33131 0.84; 2.36056 0.85; 2.32956 0.86; 2.32798 0.87; 2.3534 0.88; 2.32851 0.89; 2.3517 0.9; 2.31696 0.91; 2.3588 0.92; 2.31543 0.93; 2.34194 0.94; 2.32339 0.95; 2.35894 0.96; 2.35309 0.97; 2.31503 0.98; 2.33449 0.99]
h = 6, J = 373, J_cv = 196
Prior parameter θ chosen for BMA: 0.77
RMSE from Bayesian Model Averaging, h = 6: 
RMSE = 1.5302565067781726
RMSE_cv is [1.90714 0.05; 2.09666 0.06; 1.85766 0.07; 1.96723 0.08; 1.80087 0.09; 1.8544 0.1; 2.06606 0.11; 2.08958 0.12; 2.1774 0.13; 1.8894 0.14; 2.10177 0.15; 2.084 0.16; 1.89309 0.17; 2.1126 0.18; 1.93328 0.19; 1.99968 0.2; 2.17291 0.21; 2.11976 0.22; 1.95912 0.23; 2.12117 0.24; 1.96198 0.25; 1.91686 0.26; 1.9967 0.27; 2.00063 0.28; 2.0268 0.29; 1.94207 0.3; 1.94281 0.31; 1.93158 0.32; 1.99604 0.33; 1.93019 0.34; 2.07815 0.35; 1.96347 0.36; 1.92067 0.37; 2.06039 0.38; 1.99651 0.39; 1.97443 0.4; 2.0761 0.41; 2.17831 0.42; 2.01795 0.43; 2.06842 0.44; 2.03259 0.45; 2.09773 0.46; 2.17928 0.47; 2.22592 0.48; 2.11232 0.49; 2.15388 0.5; 2.13216 0.51; 2.05448 0.52; 1.95528 0.53; 1.86827 0.54; 1.85632 0.55; 1.78867 0.56; 1.77659 0.57; 1.80536 0.58; 1.75327 0.59; 1.77436 0.6; 1.77118 0.61; 1.76473 0.62; 1.71646 0.63; 1.70318 0.64; 1.72711 0.65; 1.69423 0.66; 1.70513 0.67; 1.68287 0.68; 1.7033 0.69; 1.70037 0.7; 1.68302 0.71; 1.68619 0.72; 1.72275 0.73; 1.68925 0.74; 1.69396 0.75; 1.72751 0.76; 1.65728 0.77; 1.73428 0.78; 1.70274 0.79; 1.70426 0.8; 1.71254 0.81; 1.68582 0.82; 1.71386 0.83; 1.70196 0.84; 1.68249 0.85; 1.70788 0.86; 1.72572 0.87; 1.69649 0.88; 1.69136 0.89; 1.72681 0.9; 1.71108 0.91; 1.69346 0.92; 1.72578 0.93; 1.71381 0.94; 1.69749 0.95; 1.72671 0.96; 1.72003 0.97; 1.69802 0.98; 1.70656 0.99]
h = 6, J = 493, J_cv = 256
Prior parameter θ chosen for BMA: 0.74
RMSE from Bayesian Model Averaging, h = 6: 
RMSE = 1.6952791716529392
RMSE_cv is [1.44667 0.05; 1.56347 0.06; 1.52174 0.07; 1.43884 0.08; 1.45257 0.09; 1.49386 0.1; 1.46226 0.11; 1.51657 0.12; 1.48745 0.13; 1.49084 0.14; 1.53192 0.15; 1.47289 0.16; 1.59509 0.17; 1.54849 0.18; 1.66759 0.19; 1.64837 0.2; 1.58277 0.21; 1.54747 0.22; 1.56298 0.23; 1.58496 0.24; 1.60042 0.25; 1.70643 0.26; 1.60473 0.27; 1.62563 0.28; 1.56027 0.29; 1.68878 0.3; 1.60311 0.31; 1.65867 0.32; 1.62618 0.33; 1.6564 0.34; 1.70496 0.35; 1.66877 0.36; 1.61648 0.37; 1.59047 0.38; 1.60104 0.39; 1.77464 0.4; 1.75111 0.41; 1.6547 0.42; 1.66948 0.43; 1.71058 0.44; 1.68479 0.45; 1.67624 0.46; 1.78175 0.47; 1.73337 0.48; 1.74879 0.49; 1.78077 0.5; 1.75871 0.51; 1.64588 0.52; 1.59386 0.53; 1.58858 0.54; 1.54699 0.55; 1.50714 0.56; 1.49436 0.57; 1.48976 0.58; 1.46028 0.59; 1.47635 0.6; 1.4878 0.61; 1.52848 0.62; 1.51384 0.63; 1.49515 0.64; 1.62031 0.65; 1.55915 0.66; 1.52526 0.67; 1.55279 0.68; 1.45612 0.69; 1.50459 0.7; 1.55771 0.71; 1.52624 0.72; 1.50017 0.73; 1.42585 0.74; 1.58353 0.75; 1.56428 0.76; 1.45591 0.77; 1.46999 0.78; 1.56635 0.79; 1.60337 0.8; 1.50343 0.81; 1.59182 0.82; 1.47443 0.83; 1.56011 0.84; 1.59626 0.85; 1.45562 0.86; 1.57628 0.87; 1.59437 0.88; 1.67814 0.89; 1.5591 0.9; 1.7189 0.91; 1.64207 0.92; 1.68143 0.93; 1.68463 0.94; 1.8782 0.95; 1.80347 0.96; 1.4977 0.97; 1.43848 0.98; 1.5304 0.99]
h = 12, J = 301, J_cv = 163
Prior parameter θ chosen for BMA: 0.97
RMSE from Bayesian Model Averaging, h = 12: 
RMSE = 1.5855369261199224
RMSE_cv is [4.42633 0.05; 3.84434 0.06; 4.42042 0.07; 4.17474 0.08; 3.88845 0.09; 4.26085 0.1; 4.41713 0.11; 4.45186 0.12; 4.55324 0.13; 4.19073 0.14; 3.85774 0.15; 3.91502 0.16; 4.50578 0.17; 4.4996 0.18; 4.47723 0.19; 4.41231 0.2; 4.17551 0.21; 3.838 0.22; 3.97931 0.23; 4.19866 0.24; 4.29415 0.25; 4.13034 0.26; 4.1739 0.27; 4.04475 0.28; 3.84419 0.29; 4.11408 0.3; 4.36403 0.31; 4.28907 0.32; 4.0372 0.33; 4.071 0.34; 4.01062 0.35; 4.03611 0.36; 4.03855 0.37; 4.5163 0.38; 4.17448 0.39; 3.8664 0.4; 4.0187 0.41; 3.98942 0.42; 4.0921 0.43; 3.90251 0.44; 4.13003 0.45; 3.96927 0.46; 4.10322 0.47; 4.11298 0.48; 4.09833 0.49; 4.32227 0.5; 4.03002 0.51; 3.98584 0.52; 3.56284 0.53; 3.54196 0.54; 3.48331 0.55; 3.40789 0.56; 3.4021 0.57; 3.34287 0.58; 3.31475 0.59; 3.21166 0.6; 3.25834 0.61; 3.25129 0.62; 3.28722 0.63; 3.23685 0.64; 3.20558 0.65; 3.26077 0.66; 3.1712 0.67; 3.21384 0.68; 3.22341 0.69; 3.12761 0.7; 3.17325 0.71; 3.17551 0.72; 3.15166 0.73; 3.11738 0.74; 3.19015 0.75; 3.21986 0.76; 3.17411 0.77; 3.16293 0.78; 3.20922 0.79; 3.11698 0.8; 3.16883 0.81; 3.12067 0.82; 3.14551 0.83; 3.13997 0.84; 3.17722 0.85; 3.14122 0.86; 3.13932 0.87; 3.13511 0.88; 3.20952 0.89; 3.14687 0.9; 3.11971 0.91; 3.22133 0.92; 3.13575 0.93; 3.21754 0.94; 3.18338 0.95; 3.20594 0.96; 3.02728 0.97; 3.20209 0.98; 3.21065 0.99]
h = 12, J = 373, J_cv = 199
Prior parameter θ chosen for BMA: 0.76
RMSE from Bayesian Model Averaging, h = 12: 
RMSE = 1.3829388441964363
RMSE_cv is [2.59267 0.05; 2.25387 0.06; 2.59755 0.07; 2.62531 0.08; 2.57687 0.09; 2.39604 0.1; 2.64241 0.11; 2.54007 0.12; 2.81237 0.13; 2.57034 0.14; 2.5619 0.15; 2.77487 0.16; 2.7066 0.17; 2.78935 0.18; 2.4608 0.19; 2.6506 0.2; 2.96378 0.21; 2.8422 0.22; 2.48746 0.23; 3.01676 0.24; 2.70762 0.25; 2.80343 0.26; 2.78767 0.27; 2.51518 0.28; 2.45074 0.29; 2.8173 0.3; 2.36555 0.31; 2.60666 0.32; 3.05728 0.33; 2.79322 0.34; 2.49679 0.35; 2.62671 0.36; 2.9827 0.37; 2.6436 0.38; 2.624 0.39; 2.64329 0.4; 2.40581 0.41; 2.92906 0.42; 2.86214 0.43; 2.88668 0.44; 2.52971 0.45; 2.90007 0.46; 2.42648 0.47; 2.38002 0.48; 2.82568 0.49; 2.85959 0.5; 2.70267 0.51; 2.34043 0.52; 2.04962 0.53; 2.12678 0.54; 1.96551 0.55; 1.93748 0.56; 1.86378 0.57; 1.89224 0.58; 1.87379 0.59; 1.86488 0.6; 1.87445 0.61; 1.84478 0.62; 1.81153 0.63; 1.8533 0.64; 1.80077 0.65; 1.77758 0.66; 1.7111 0.67; 1.71629 0.68; 1.71114 0.69; 1.68894 0.7; 1.71819 0.71; 1.67389 0.72; 1.7313 0.73; 1.68649 0.74; 1.71799 0.75; 1.64962 0.76; 1.70188 0.77; 1.73247 0.78; 1.73886 0.79; 1.74511 0.8; 1.73342 0.81; 1.69403 0.82; 1.75568 0.83; 1.70977 0.84; 1.69323 0.85; 1.71309 0.86; 1.66529 0.87; 1.71931 0.88; 1.73152 0.89; 1.6654 0.9; 1.68048 0.91; 1.69005 0.92; 1.66807 0.93; 1.67986 0.94; 1.72156 0.95; 1.70921 0.96; 1.67536 0.97; 1.68263 0.98; 1.70769 0.99]
h = 12, J = 493, J_cv = 259
Prior parameter θ chosen for BMA: 0.05
RMSE from Bayesian Model Averaging, h = 12: 
RMSE = 1.4819425801392008
RMSE_cv is [1.54866 0.05; 1.78427 0.06; 1.86032 0.07; 1.91189 0.08; 2.00787 0.09; 1.85189 0.1; 1.8825 0.11; 1.82374 0.12; 1.91461 0.13; 1.9073 0.14; 2.08448 0.15; 1.99545 0.16; 2.01497 0.17; 2.0083 0.18; 1.92167 0.19; 1.87018 0.2; 1.83466 0.21; 1.93288 0.22; 1.84722 0.23; 2.01678 0.24; 2.05193 0.25; 1.95086 0.26; 2.14797 0.27; 1.8129 0.28; 1.90041 0.29; 1.96017 0.3; 2.06478 0.31; 1.98085 0.32; 1.98249 0.33; 1.99668 0.34; 1.89103 0.35; 1.91258 0.36; 1.9144 0.37; 2.11228 0.38; 2.11127 0.39; 1.9828 0.4; 2.00637 0.41; 2.1 0.42; 2.11912 0.43; 2.1342 0.44; 2.00545 0.45; 2.03619 0.46; 1.99893 0.47; 2.04952 0.48; 2.07739 0.49; 1.96774 0.5; 1.97658 0.51; 1.89346 0.52; 2.24912 0.53; 1.98247 0.54; 1.93528 0.55; 2.00068 0.56; 2.07632 0.57; 2.70696 0.58; 1.84729 0.59; 2.36862 0.6; 2.15133 0.61; 2.35554 0.62; 2.23495 0.63; 2.00154 0.64; 2.56709 0.65; 2.25279 0.66; 2.34398 0.67; 2.11715 0.68; 1.92938 0.69; 2.46844 0.7; 2.11344 0.71; 1.87852 0.72; 1.90323 0.73; 2.23874 0.74; 2.02999 0.75; 1.94401 0.76; 1.82636 0.77; 1.87281 0.78; 1.92644 0.79; 1.86776 0.8; 1.81111 0.81; 1.77864 0.82; 1.78391 0.83; 1.80494 0.84; 1.82136 0.85; 1.82135 0.86; 1.97841 0.87; 1.71878 0.88; 1.96183 0.89; 1.72678 0.9; 1.78896 0.91; 1.97779 0.92; 2.37985 0.93; 1.87289 0.94; 1.88868 0.95; 1.91526 0.96; 1.74911 0.97; 1.94292 0.98; 1.73767 0.99]
