h = 3, J = 301, J_cv = 158
Tuning Parameter Chosen for lasso: 0.1
Percent of Slope Coefficients Set Equal to Zero by lasso: 75.0
RMSE from lasso Including all Variables, h = 3: 
RMSE = 1.7105794321371688
RMSE_cv is [2.05558 0.1; 2.0885 0.2; 2.10925 0.3; 2.16339 0.4; 2.21069 0.5; 2.27119 0.6; 2.34977 0.7; 2.43638 0.8; 2.52899 0.9; 2.62866 1.0; 2.74044 1.1; 2.86055 1.2; 2.98309 1.3; 3.10265 1.4; 3.21601 1.5; 3.31868 1.6; 3.41679 1.7; 3.51259 1.8; 3.60639 1.9; 3.69859 2.0; 3.7886 2.1; 3.87344 2.2; 3.94998 2.3; 4.01421 2.4; 4.05429 2.5; 4.08059 2.6; 4.0966 2.7; 4.10545 2.8; 4.10616 2.9; 4.10616 3.0; 4.10616 3.1; 4.10616 3.2; 4.10616 3.3; 4.10616 3.4; 4.10616 3.5; 4.10616 3.6; 4.10616 3.7; 4.10616 3.8; 4.10616 3.9; 4.10616 4.0; 4.10616 4.1; 4.10616 4.2; 4.10616 4.3; 4.10616 4.4; 4.10616 4.5; 4.10616 4.6; 4.10616 4.7; 4.10616 4.8; 4.10616 4.9; 4.10616 5.0]
h = 3, J = 373, J_cv = 194
Tuning Parameter Chosen for lasso: 0.2
Percent of Slope Coefficients Set Equal to Zero by lasso: 80.36
RMSE from lasso Including all Variables, h = 3: 
RMSE = 1.757995020234541
RMSE_cv is [1.73539 0.1; 1.72235 0.2; 1.74291 0.3; 1.77955 0.4; 1.79624 0.5; 1.80459 0.6; 1.82503 0.7; 1.85018 0.8; 1.87963 0.9; 1.91024 1.0; 1.94678 1.1; 1.99135 1.2; 2.04355 1.3; 2.10229 1.4; 2.16648 1.5; 2.23503 1.6; 2.30761 1.7; 2.38363 1.8; 2.46264 1.9; 2.54439 2.0; 2.62774 2.1; 2.71195 2.2; 2.79594 2.3; 2.8712 2.4; 2.92277 2.5; 2.9583 2.6; 2.97655 2.7; 2.98627 2.8; 2.98706 2.9; 2.98706 3.0; 2.98706 3.1; 2.98706 3.2; 2.98706 3.3; 2.98706 3.4; 2.98706 3.5; 2.98706 3.6; 2.98706 3.7; 2.98706 3.8; 2.98706 3.9; 2.98706 4.0; 2.98706 4.1; 2.98706 4.2; 2.98706 4.3; 2.98706 4.4; 2.98706 4.5; 2.98706 4.6; 2.98706 4.7; 2.98706 4.8; 2.98706 4.9; 2.98706 5.0]
h = 3, J = 493, J_cv = 254
Tuning Parameter Chosen for lasso: 0.3
Percent of Slope Coefficients Set Equal to Zero by lasso: 83.93
RMSE from lasso Including all Variables, h = 3: 
RMSE = 2.017252204435029
RMSE_cv is [1.40728 0.1; 1.35398 0.2; 1.34615 0.3; 1.3704 0.4; 1.38607 0.5; 1.39947 0.6; 1.41776 0.7; 1.43936 0.8; 1.46631 0.9; 1.49697 1.0; 1.53555 1.1; 1.58403 1.2; 1.63852 1.3; 1.697 1.4; 1.75918 1.5; 1.8243 1.6; 1.89138 1.7; 1.95963 1.8; 2.02996 1.9; 2.10225 2.0; 2.17627 2.1; 2.25161 2.2; 2.32665 2.3; 2.37552 2.4; 2.40719 2.5; 2.43686 2.6; 2.45345 2.7; 2.46228 2.8; 2.46299 2.9; 2.46299 3.0; 2.46299 3.1; 2.46299 3.2; 2.46299 3.3; 2.46299 3.4; 2.46299 3.5; 2.46299 3.6; 2.46299 3.7; 2.46299 3.8; 2.46299 3.9; 2.46299 4.0; 2.46299 4.1; 2.46299 4.2; 2.46299 4.3; 2.46299 4.4; 2.46299 4.5; 2.46299 4.6; 2.46299 4.7; 2.46299 4.8; 2.46299 4.9; 2.46299 5.0]
h = 6, J = 301, J_cv = 160
Tuning Parameter Chosen for lasso: 0.3
Percent of Slope Coefficients Set Equal to Zero by lasso: 83.93
RMSE from lasso Including all Variables, h = 6: 
RMSE = 1.3866514369984033
RMSE_cv is [2.35702 0.1; 2.39548 0.2; 2.35294 0.3; 2.37702 0.4; 2.43149 0.5; 2.45909 0.6; 2.49677 0.7; 2.5537 0.8; 2.63042 0.9; 2.72596 1.0; 2.8417 1.1; 2.96871 1.2; 3.09622 1.3; 3.21079 1.4; 3.30715 1.5; 3.39231 1.6; 3.47486 1.7; 3.56251 1.8; 3.64934 1.9; 3.73462 2.0; 3.81828 2.1; 3.89901 2.2; 3.97336 2.3; 4.02286 2.4; 4.05609 2.5; 4.07599 2.6; 4.09012 2.7; 4.09343 2.8; 4.09346 2.9; 4.09346 3.0; 4.09346 3.1; 4.09346 3.2; 4.09346 3.3; 4.09346 3.4; 4.09346 3.5; 4.09346 3.6; 4.09346 3.7; 4.09346 3.8; 4.09346 3.9; 4.09346 4.0; 4.09346 4.1; 4.09346 4.2; 4.09346 4.3; 4.09346 4.4; 4.09346 4.5; 4.09346 4.6; 4.09346 4.7; 4.09346 4.8; 4.09346 4.9; 4.09346 5.0]
h = 6, J = 373, J_cv = 196
Tuning Parameter Chosen for lasso: 0.3
Percent of Slope Coefficients Set Equal to Zero by lasso: 83.93
RMSE from lasso Including all Variables, h = 6: 
RMSE = 1.4450021808894895
RMSE_cv is [1.74011 0.1; 1.72027 0.2; 1.67848 0.3; 1.70071 0.4; 1.72628 0.5; 1.71884 0.6; 1.71452 0.7; 1.72589 0.8; 1.7486 0.9; 1.77959 1.0; 1.82082 1.1; 1.8699 1.2; 1.92715 1.3; 1.99135 1.4; 2.05342 1.5; 2.11371 1.6; 2.18206 1.7; 2.26426 1.8; 2.35229 1.9; 2.44391 2.0; 2.53895 2.1; 2.63666 2.2; 2.73254 2.3; 2.80265 2.4; 2.85158 2.5; 2.87918 2.6; 2.89544 2.7; 2.89917 2.8; 2.89919 2.9; 2.89919 3.0; 2.89919 3.1; 2.89919 3.2; 2.89919 3.3; 2.89919 3.4; 2.89919 3.5; 2.89919 3.6; 2.89919 3.7; 2.89919 3.8; 2.89919 3.9; 2.89919 4.0; 2.89919 4.1; 2.89919 4.2; 2.89919 4.3; 2.89919 4.4; 2.89919 4.5; 2.89919 4.6; 2.89919 4.7; 2.89919 4.8; 2.89919 4.9; 2.89919 5.0]
h = 6, J = 493, J_cv = 256
Tuning Parameter Chosen for lasso: 0.3
Percent of Slope Coefficients Set Equal to Zero by lasso: 83.93
RMSE from lasso Including all Variables, h = 6: 
RMSE = 1.6321043610656911
RMSE_cv is [1.26106 0.1; 1.17234 0.2; 1.15358 0.3; 1.1604 0.4; 1.17823 0.5; 1.18699 0.6; 1.19816 0.7; 1.22617 0.8; 1.25843 0.9; 1.29505 1.0; 1.33727 1.1; 1.38459 1.2; 1.43656 1.3; 1.4937 1.4; 1.55485 1.5; 1.61999 1.6; 1.69146 1.7; 1.77118 1.8; 1.85403 1.9; 1.93901 2.0; 2.02585 2.1; 2.11426 2.2; 2.20131 2.3; 2.24705 2.4; 2.28471 2.5; 2.31021 2.6; 2.32534 2.7; 2.32881 2.8; 2.32883 2.9; 2.32883 3.0; 2.32883 3.1; 2.32883 3.2; 2.32883 3.3; 2.32883 3.4; 2.32883 3.5; 2.32883 3.6; 2.32883 3.7; 2.32883 3.8; 2.32883 3.9; 2.32883 4.0; 2.32883 4.1; 2.32883 4.2; 2.32883 4.3; 2.32883 4.4; 2.32883 4.5; 2.32883 4.6; 2.32883 4.7; 2.32883 4.8; 2.32883 4.9; 2.32883 5.0]
h = 12, J = 301, J_cv = 163
Tuning Parameter Chosen for lasso: 0.6
Percent of Slope Coefficients Set Equal to Zero by lasso: 91.07
RMSE from lasso Including all Variables, h = 12: 
RMSE = 1.2643360408522806
RMSE_cv is [3.52274 0.1; 3.42972 0.2; 3.29875 0.3; 3.17507 0.4; 3.10655 0.5; 3.07803 0.6; 3.12104 0.7; 3.17085 0.8; 3.2283 0.9; 3.30068 1.0; 3.38893 1.1; 3.47752 1.2; 3.55071 1.3; 3.61522 1.4; 3.68181 1.5; 3.75158 1.6; 3.82168 1.7; 3.88691 1.8; 3.94793 1.9; 4.00974 2.0; 4.07554 2.1; 4.1322 2.2; 4.17065 2.3; 4.1966 2.4; 4.21201 2.5; 4.21935 2.6; 4.22122 2.7; 4.22122 2.8; 4.22122 2.9; 4.22122 3.0; 4.22122 3.1; 4.22122 3.2; 4.22122 3.3; 4.22122 3.4; 4.22122 3.5; 4.22122 3.6; 4.22122 3.7; 4.22122 3.8; 4.22122 3.9; 4.22122 4.0; 4.22122 4.1; 4.22122 4.2; 4.22122 4.3; 4.22122 4.4; 4.22122 4.5; 4.22122 4.6; 4.22122 4.7; 4.22122 4.8; 4.22122 4.9; 4.22122 5.0]
h = 12, J = 373, J_cv = 199
Tuning Parameter Chosen for lasso: 0.6
Percent of Slope Coefficients Set Equal to Zero by lasso: 91.07
RMSE from lasso Including all Variables, h = 12: 
RMSE = 1.3388037464362745
RMSE_cv is [2.5191 0.1; 2.35978 0.2; 2.13452 0.3; 1.95098 0.4; 1.85776 0.5; 1.83019 0.6; 1.87071 0.7; 1.9051 0.8; 1.93908 0.9; 1.97295 1.0; 2.01078 1.1; 2.0505 1.2; 2.10368 1.3; 2.16857 1.4; 2.24556 1.5; 2.33475 1.6; 2.43125 1.7; 2.52116 1.8; 2.60523 1.9; 2.6897 2.0; 2.77871 2.1; 2.85851 2.2; 2.91803 2.3; 2.96392 2.4; 2.98791 2.5; 2.99673 2.6; 2.99881 2.7; 2.99881 2.8; 2.99881 2.9; 2.99881 3.0; 2.99881 3.1; 2.99881 3.2; 2.99881 3.3; 2.99881 3.4; 2.99881 3.5; 2.99881 3.6; 2.99881 3.7; 2.99881 3.8; 2.99881 3.9; 2.99881 4.0; 2.99881 4.1; 2.99881 4.2; 2.99881 4.3; 2.99881 4.4; 2.99881 4.5; 2.99881 4.6; 2.99881 4.7; 2.99881 4.8; 2.99881 4.9; 2.99881 5.0]
h = 12, J = 493, J_cv = 259
Tuning Parameter Chosen for lasso: 0.4
Percent of Slope Coefficients Set Equal to Zero by lasso: 85.71
RMSE from lasso Including all Variables, h = 12: 
RMSE = 1.3599566679336657
RMSE_cv is [1.52928 0.1; 1.36159 0.2; 1.29901 0.3; 1.29206 0.4; 1.2943 0.5; 1.31031 0.6; 1.3356 0.7; 1.37003 0.8; 1.40007 0.9; 1.43115 1.0; 1.46727 1.1; 1.50824 1.2; 1.56017 1.3; 1.61748 1.4; 1.67804 1.5; 1.74254 1.6; 1.81468 1.7; 1.89037 1.8; 1.96947 1.9; 2.05284 2.0; 2.1446 2.1; 2.24231 2.2; 2.29561 2.3; 2.33691 2.4; 2.35952 2.5; 2.36782 2.6; 2.36978 2.7; 2.36978 2.8; 2.36978 2.9; 2.36978 3.0; 2.36978 3.1; 2.36978 3.2; 2.36978 3.3; 2.36978 3.4; 2.36978 3.5; 2.36978 3.6; 2.36978 3.7; 2.36978 3.8; 2.36978 3.9; 2.36978 4.0; 2.36978 4.1; 2.36978 4.2; 2.36978 4.3; 2.36978 4.4; 2.36978 4.5; 2.36978 4.6; 2.36978 4.7; 2.36978 4.8; 2.36978 4.9; 2.36978 5.0]
